<html xmlns:math="http://exslt.org/math" xmlns:testng="http://testng.org">
   <head>
      <title>TestNG Results</title>
      <meta http-equiv="content-type" content="text/html; charset=utf-8"></meta>
      <meta http-equiv="pragma" content="no-cache"></meta>
      <meta http-equiv="cache-control" content="max-age=0"></meta>
      <meta http-equiv="cache-control" content="no-cache"></meta>
      <meta http-equiv="cache-control" content="no-store"></meta>
      <LINK rel="stylesheet" href="style.css"></LINK>
      <script type="text/javascript" src="main.js"></script>
   </head>
   <body>
      <table width="100%" style="font-size: 16px; margin-bottom: 10px;" cellspacing="1">
         <tr>
            <td width="100%">
               Test case
               
               <b>StandardCommercialReport</b>
            </td>
            <td style="background-color: #FFBBBB; padding: 3px 3px 3px 0;" align="center">
               <div style="width: 50px;">1</div>
            </td>
            <td style="background-color: lightgreen; padding: 3px 3px 3px 0;" align="center">
               <div style="width: 50px;">0</div>
            </td>
            <td style="background-color: #FFFFBB; padding: 3px 3px 3px 0;" align="center">
               <div style="width: 50px;">0</div>
            </td>
            <td align="center" style="background-color: #eaf0f7; padding: 3px 3px 3px 0;">
               <div style="width: 50px;">1</div>
            </td>
            <td align="center"
                style="font-weight: bold; background-color: #eaf0f7; padding: 3px 3px 3px 0;">
               <div style="width: 50px;">0%</div>
            </td>
            <td style="background-color: #eaf0f7; padding: 3px 3px 3px 0;" align="center"
                nowrap="true">1m
               38s
               
            </td>
         </tr>
      </table>
      <div style="width: 200px;">
         <label for="groupMethodsCheckBox" style="font-weight: bold; margin: 0;">
            <input id="groupMethodsCheckBox" type="checkbox" onclick="switchTestMethodsView(this)"
                   checked=""></input>
            Group by class
            
         </label>
         <br></br>
         <label for="methodsFilter_ALL" style="font-weight: bold; margin: 0;">
            <input id="methodsFilter_ALL" type="checkbox"
                   onclick="testMethodsFilterChanged(this, 'ALL')"
                   checked=""></input>
            All
            
         </label>
      </div>
      <label for="methodsFilter_FAIL" style="margin-left: 20px;">
         <input id="methodsFilter_FAIL" type="checkbox"
                onclick="testMethodsFilterChanged(this, 'FAIL')"
                checked=""></input>
         Failed
         
      </label>
      <label for="methodsFilter_PASS">
         <input id="methodsFilter_PASS" type="checkbox"
                onclick="testMethodsFilterChanged(this, 'PASS')"
                checked=""></input>
         Passed
         
      </label>
      <label for="methodsFilter_SKIP">
         <input id="methodsFilter_SKIP" type="checkbox"
                onclick="testMethodsFilterChanged(this, 'SKIP')"
                checked=""></input>
         Skipped
         
      </label>
      <label for="methodsFilter_CONF">
         <input id="methodsFilter_CONF" type="checkbox"
                onclick="testMethodsFilterChanged(this, 'CONF')"
                checked=""></input>
         Config
         
      </label>
      <br></br>
      <div id="testMethodsByStatus" style="display: none;">
         <table class="testMethodsTable" cellpadding="0" cellspacing="0">
            <tr class="methodsTableHeader">
               <td width="100%">Name</td>
               <td nowrap="true">Started</td>
               <td nowrap="true">Duration</td>
               <td>Exception</td>
            </tr>
            <tr id="com.kashifi.commercial.StandardBusinessReportTest_testBizReport_byStatus_failed_FAIL1_row"
                class="testMethodStatusFAIL">
               <td width="100%" class="firstMethodCell">
                  <a onclick="toggleDetailsVisibility('com.kashifi.commercial.StandardBusinessReportTest_testBizReport_byStatus_failed_FAIL1_details')">testBizReport()</a>
               </td>
               <td nowrap="true">00:45:25</td>
               <td nowrap="true" align="right">1m
                  1s
                  
               </td>
               <td nowrap="true">
                  <a onclick="toggleDetailsVisibility('com.kashifi.commercial.StandardBusinessReportTest_testBizReport_byStatus_failed_FAIL1_exception')">org.openqa.selenium.TimeoutException: 
                     Expected condition failed: waiting for visibility of Proxy element for: DefaultElementLocator 'By.xpath: //*[@id="home-tabs-pane-0"]/div/div[4]/div[3]/div[2]/div/div/div/form/div[6]/button'
                     (tried for 50 second(s) with 0 milliseconds interval)
                     
                  </a>
                   
                  
               </td>
            </tr>
            <tr>
               <td colspan="4" class="detailsBox">
                  <div id="com.kashifi.commercial.StandardBusinessReportTest_testBizReport_byStatus_failed_FAIL1_details"
                       class="testMethodDetails">
                     <div>
                        <b>Name: </b>testBizReport
                     </div>
                     <div>
                        <b>Signature: </b>testBizReport()[pri:0, instance:com.kashifi.commercial.StandardBusinessReportTest@185d8b6]
                     </div>
                     <div>
                        <b>Start time: </b>00:45:25
                     </div>
                     <div>
                        <b>End time: </b>00:46:26
                     </div>
                     <div>
                        <b>Duration: </b>1m
                        1s
                        
                     </div>
                  </div>
               </td>
            </tr>
            <tr>
               <td colspan="4" class="detailsBox">
                  <div id="com.kashifi.commercial.StandardBusinessReportTest_testBizReport_byStatus_failed_FAIL1_exception"
                       class="testMethodDetails">
                     <pre style="padding: 5px; margin: 0;">org.openqa.selenium.TimeoutException: Expected condition failed: waiting for visibility of Proxy element for: DefaultElementLocator
                        'By.xpath: //*[@id="home-tabs-pane-0"]/div/div[4]/div[3]/div[2]/div/div/div/form/div[6]/button' (tried for 50 second(s) with
                        0 milliseconds interval)
                        at org.openqa.selenium.support.ui.WebDriverWait.timeoutException(WebDriverWait.java:81)
                        at org.openqa.selenium.support.ui.FluentWait.until(FluentWait.java:271)
                        at com.engcpp.SeleniumTest.waitFor(SeleniumTest.java:69)
                        at com.kashifi.commercial.StandardBusinessReport$bizRptForm.submit(StandardBusinessReport.java:136)
                        at com.kashifi.commercial.StandardBusinessReportTest.testBizReport(StandardBusinessReportTest.java:42)
                        at sun.reflect.NativeMethodAccessorImpl.invoke0(Native Method)
                        at sun.reflect.NativeMethodAccessorImpl.invoke(Unknown Source)
                        at sun.reflect.DelegatingMethodAccessorImpl.invoke(Unknown Source)
                        at java.lang.reflect.Method.invoke(Unknown Source)
                        at org.testng.internal.MethodInvocationHelper.invokeMethod(MethodInvocationHelper.java:124)
                        at org.testng.internal.Invoker.invokeMethod(Invoker.java:583)
                        at org.testng.internal.Invoker.invokeTestMethod(Invoker.java:719)
                        at org.testng.internal.Invoker.invokeTestMethods(Invoker.java:989)
                        at org.testng.internal.TestMethodWorker.invokeTestMethods(TestMethodWorker.java:125)
                        at org.testng.internal.TestMethodWorker.run(TestMethodWorker.java:109)
                        at org.testng.TestRunner.privateRun(TestRunner.java:648)
                        at org.testng.TestRunner.run(TestRunner.java:505)
                        at org.testng.SuiteRunner.runTest(SuiteRunner.java:455)
                        at org.testng.SuiteRunner.runSequentially(SuiteRunner.java:450)
                        at org.testng.SuiteRunner.privateRun(SuiteRunner.java:415)
                        at org.testng.SuiteRunner.run(SuiteRunner.java:364)
                        at org.testng.SuiteRunnerWorker.runSuite(SuiteRunnerWorker.java:52)
                        at org.testng.SuiteRunnerWorker.run(SuiteRunnerWorker.java:84)
                        at org.testng.TestNG.runSuitesSequentially(TestNG.java:1208)
                        at org.testng.TestNG.runSuitesLocally(TestNG.java:1137)
                        at org.testng.TestNG.runSuites(TestNG.java:1049)
                        at org.testng.TestNG.run(TestNG.java:1017)
                        at org.testng.remote.AbstractRemoteTestNG.run(AbstractRemoteTestNG.java:114)
                        at org.testng.remote.RemoteTestNG.initAndRun(RemoteTestNG.java:251)
                        at org.testng.remote.RemoteTestNG.main(RemoteTestNG.java:77)
                        Caused by: org.openqa.selenium.NoSuchElementException: no such element: Unable to locate element: {"method":"xpath","selector":"//*[@id="home-tabs-pane-0"]/div/div[4]/div[3]/div[2]/div/div/div/form/div[6]/button"}
                        (Session info: chrome=67.0.3396.99)
                        (Driver info: chromedriver=2.35.528161 (5b82f2d2aae0ca24b877009200ced9065a772e73),platform=Windows NT 10.0.16299 x86_64) (WARNING:
                        The server did not provide any stacktrace information)
                        Command duration or timeout: 0 milliseconds
                        For documentation on this error, please visit: http://seleniumhq.org/exceptions/no_such_element.html
                        Build info: version: '3.11.0', revision: 'e59cfb3', time: '2018-03-11T20:26:55.152Z'
                        System info: host: 'NZAKLBH-LT0235', ip: '172.27.177.21', os.name: 'Windows 10', os.arch: 'amd64', os.version: '10.0', java.version:
                        '1.8.0_171'
                        Driver info: org.openqa.selenium.chrome.ChromeDriver
                        Capabilities {acceptInsecureCerts: false, acceptSslCerts: false, applicationCacheEnabled: false, browserConnectionEnabled:
                        false, browserName: chrome, chrome: {chromedriverVersion: 2.35.528161 (5b82f2d2aae0ca..., userDataDir: C:\Users\kxi17\AppData\Loca...},
                        cssSelectorsEnabled: true, databaseEnabled: false, handlesAlerts: true, hasTouchScreen: false, javascriptEnabled: true, locationContextEnabled:
                        true, mobileEmulationEnabled: false, nativeEvents: true, networkConnectionEnabled: false, pageLoadStrategy: normal, platform:
                        XP, platformName: XP, rotatable: false, setWindowRect: true, takesHeapSnapshot: true, takesScreenshot: true, unexpectedAlertBehaviour:
                        , unhandledPromptBehavior: , version: 67.0.3396.99, webStorageEnabled: true}
                        Session ID: 3e67dfe28601b560e75deea6b104a9e8
                        *** Element info: {Using=xpath, value=//*[@id="home-tabs-pane-0"]/div/div[4]/div[3]/div[2]/div/div/div/form/div[6]/button}
                        at sun.reflect.NativeConstructorAccessorImpl.newInstance0(Native Method)
                        at sun.reflect.NativeConstructorAccessorImpl.newInstance(Unknown Source)
                        at sun.reflect.DelegatingConstructorAccessorImpl.newInstance(Unknown Source)
                        at java.lang.reflect.Constructor.newInstance(Unknown Source)
                        at org.openqa.selenium.remote.ErrorHandler.createThrowable(ErrorHandler.java:214)
                        at org.openqa.selenium.remote.ErrorHandler.throwIfResponseFailed(ErrorHandler.java:166)
                        at org.openqa.selenium.remote.http.JsonHttpResponseCodec.reconstructValue(JsonHttpResponseCodec.java:40)
                        at org.openqa.selenium.remote.http.AbstractHttpResponseCodec.decode(AbstractHttpResponseCodec.java:80)
                        at org.openqa.selenium.remote.http.AbstractHttpResponseCodec.decode(AbstractHttpResponseCodec.java:44)
                        at org.openqa.selenium.remote.HttpCommandExecutor.execute(HttpCommandExecutor.java:158)
                        at org.openqa.selenium.remote.service.DriverCommandExecutor.execute(DriverCommandExecutor.java:83)
                        at org.openqa.selenium.remote.RemoteWebDriver.execute(RemoteWebDriver.java:545)
                        at org.openqa.selenium.remote.RemoteWebDriver.findElement(RemoteWebDriver.java:319)
                        at org.openqa.selenium.remote.RemoteWebDriver.findElementByXPath(RemoteWebDriver.java:421)
                        at org.openqa.selenium.By$ByXPath.findElement(By.java:361)
                        at org.openqa.selenium.remote.RemoteWebDriver.findElement(RemoteWebDriver.java:311)
                        at org.openqa.selenium.support.pagefactory.DefaultElementLocator.findElement(DefaultElementLocator.java:69)
                        at org.openqa.selenium.support.pagefactory.internal.LocatingElementHandler.invoke(LocatingElementHandler.java:38)
                        at com.sun.proxy.$Proxy10.isDisplayed(Unknown Source)
                        at org.openqa.selenium.support.ui.ExpectedConditions.elementIfVisible(ExpectedConditions.java:315)
                        at org.openqa.selenium.support.ui.ExpectedConditions.access$100(ExpectedConditions.java:44)
                        at org.openqa.selenium.support.ui.ExpectedConditions$10.apply(ExpectedConditions.java:301)
                        at org.openqa.selenium.support.ui.ExpectedConditions$10.apply(ExpectedConditions.java:298)
                        at org.openqa.selenium.support.ui.FluentWait.until(FluentWait.java:248)
                        ... 28 more
                     </pre>
                  </div>
               </td>
            </tr>
            <tr id="com.kashifi.commercial.StandardBusinessReportTest_setUp_byStatus_passed_PASS1_row"
                class="testMethodStatusPASS testMethodStatusCONF">
               <td width="100%" class="firstMethodCell">
                  <a onclick="toggleDetailsVisibility('com.kashifi.commercial.StandardBusinessReportTest_setUp_byStatus_passed_PASS1_details')">setUp()</a>
               </td>
               <td nowrap="true">00:44:49</td>
               <td nowrap="true" align="right">35s
                  
               </td>
               <td nowrap="true">
                   
                  
               </td>
            </tr>
            <tr>
               <td colspan="4" class="detailsBox">
                  <div id="com.kashifi.commercial.StandardBusinessReportTest_setUp_byStatus_passed_PASS1_details"
                       class="testMethodDetails">
                     <div>
                        <b>Name: </b>setUp
                     </div>
                     <div>
                        <b>Signature: </b>setUp()[pri:0, instance:com.kashifi.commercial.StandardBusinessReportTest@185d8b6]
                     </div>
                     <div>
                        <b>Start time: </b>00:44:49
                     </div>
                     <div>
                        <b>End time: </b>00:45:25
                     </div>
                     <div>
                        <b>Duration: </b>35s
                        
                     </div>
                  </div>
               </td>
            </tr>
            <tr></tr>
            <tr id="com.kashifi.commercial.StandardBusinessReportTest_tearDown_byStatus_passed_PASS2_row"
                class="testMethodStatusPASS testMethodStatusCONF">
               <td width="100%" class="firstMethodCell">
                  <a onclick="toggleDetailsVisibility('com.kashifi.commercial.StandardBusinessReportTest_tearDown_byStatus_passed_PASS2_details')">tearDown()</a>
               </td>
               <td nowrap="true">00:46:26</td>
               <td nowrap="true" align="right">622 ms
                  
               </td>
               <td nowrap="true">
                   
                  
               </td>
            </tr>
            <tr>
               <td colspan="4" class="detailsBox">
                  <div id="com.kashifi.commercial.StandardBusinessReportTest_tearDown_byStatus_passed_PASS2_details"
                       class="testMethodDetails">
                     <div>
                        <b>Name: </b>tearDown
                     </div>
                     <div>
                        <b>Signature: </b>tearDown()[pri:0, instance:com.kashifi.commercial.StandardBusinessReportTest@185d8b6]
                     </div>
                     <div>
                        <b>Start time: </b>00:46:26
                     </div>
                     <div>
                        <b>End time: </b>00:46:27
                     </div>
                     <div>
                        <b>Duration: </b>622 ms
                        
                     </div>
                  </div>
               </td>
            </tr>
            <tr></tr>
         </table>
      </div>
      <div id="testMethodsByClass">
         <table class="testMethodsTable" cellpadding="0" cellspacing="0">
            <tr>
               <td colspan="4">
                  <h3 style="display: inline;">com.kashifi.commercial.StandardBusinessReportTest</h3>
               </td>
            </tr>
            <tr class="methodsTableHeader">
               <td width="100%">Name</td>
               <td nowrap="true">Started</td>
               <td nowrap="true">Duration</td>
               <td>Exception</td>
            </tr>
            <tr id="com.kashifi.commercial.StandardBusinessReportTest_setUp_byClass_PASS1_row"
                class="testMethodStatusPASS testMethodStatusCONF">
               <td width="100%" class="firstMethodCell">
                  <a onclick="toggleDetailsVisibility('com.kashifi.commercial.StandardBusinessReportTest_setUp_byClass_PASS1_details')">setUp()</a>
               </td>
               <td nowrap="true">00:44:49</td>
               <td nowrap="true" align="right">35s
                  
               </td>
               <td nowrap="true">
                   
                  
               </td>
            </tr>
            <tr>
               <td colspan="4" class="detailsBox">
                  <div id="com.kashifi.commercial.StandardBusinessReportTest_setUp_byClass_PASS1_details"
                       class="testMethodDetails">
                     <div>
                        <b>Name: </b>setUp
                     </div>
                     <div>
                        <b>Signature: </b>setUp()[pri:0, instance:com.kashifi.commercial.StandardBusinessReportTest@185d8b6]
                     </div>
                     <div>
                        <b>Start time: </b>00:44:49
                     </div>
                     <div>
                        <b>End time: </b>00:45:25
                     </div>
                     <div>
                        <b>Duration: </b>35s
                        
                     </div>
                  </div>
               </td>
            </tr>
            <tr></tr>
            <tr id="com.kashifi.commercial.StandardBusinessReportTest_testBizReport_byClass_FAIL2_row"
                class="testMethodStatusFAIL">
               <td width="100%" class="firstMethodCell">
                  <a onclick="toggleDetailsVisibility('com.kashifi.commercial.StandardBusinessReportTest_testBizReport_byClass_FAIL2_details')">testBizReport()</a>
               </td>
               <td nowrap="true">00:45:25</td>
               <td nowrap="true" align="right">1m
                  1s
                  
               </td>
               <td nowrap="true">
                  <a onclick="toggleDetailsVisibility('com.kashifi.commercial.StandardBusinessReportTest_testBizReport_byClass_FAIL2_exception')">org.openqa.selenium.TimeoutException: 
                     Expected condition failed: waiting for visibility of Proxy element for: DefaultElementLocator 'By.xpath: //*[@id="home-tabs-pane-0"]/div/div[4]/div[3]/div[2]/div/div/div/form/div[6]/button'
                     (tried for 50 second(s) with 0 milliseconds interval)
                     
                  </a>
                   
                  
               </td>
            </tr>
            <tr>
               <td colspan="4" class="detailsBox">
                  <div id="com.kashifi.commercial.StandardBusinessReportTest_testBizReport_byClass_FAIL2_details"
                       class="testMethodDetails">
                     <div>
                        <b>Name: </b>testBizReport
                     </div>
                     <div>
                        <b>Signature: </b>testBizReport()[pri:0, instance:com.kashifi.commercial.StandardBusinessReportTest@185d8b6]
                     </div>
                     <div>
                        <b>Start time: </b>00:45:25
                     </div>
                     <div>
                        <b>End time: </b>00:46:26
                     </div>
                     <div>
                        <b>Duration: </b>1m
                        1s
                        
                     </div>
                  </div>
               </td>
            </tr>
            <tr>
               <td colspan="4" class="detailsBox">
                  <div id="com.kashifi.commercial.StandardBusinessReportTest_testBizReport_byClass_FAIL2_exception"
                       class="testMethodDetails">
                     <pre style="padding: 5px; margin: 0;">org.openqa.selenium.TimeoutException: Expected condition failed: waiting for visibility of Proxy element for: DefaultElementLocator
                        'By.xpath: //*[@id="home-tabs-pane-0"]/div/div[4]/div[3]/div[2]/div/div/div/form/div[6]/button' (tried for 50 second(s) with
                        0 milliseconds interval)
                        at org.openqa.selenium.support.ui.WebDriverWait.timeoutException(WebDriverWait.java:81)
                        at org.openqa.selenium.support.ui.FluentWait.until(FluentWait.java:271)
                        at com.engcpp.SeleniumTest.waitFor(SeleniumTest.java:69)
                        at com.kashifi.commercial.StandardBusinessReport$bizRptForm.submit(StandardBusinessReport.java:136)
                        at com.kashifi.commercial.StandardBusinessReportTest.testBizReport(StandardBusinessReportTest.java:42)
                        at sun.reflect.NativeMethodAccessorImpl.invoke0(Native Method)
                        at sun.reflect.NativeMethodAccessorImpl.invoke(Unknown Source)
                        at sun.reflect.DelegatingMethodAccessorImpl.invoke(Unknown Source)
                        at java.lang.reflect.Method.invoke(Unknown Source)
                        at org.testng.internal.MethodInvocationHelper.invokeMethod(MethodInvocationHelper.java:124)
                        at org.testng.internal.Invoker.invokeMethod(Invoker.java:583)
                        at org.testng.internal.Invoker.invokeTestMethod(Invoker.java:719)
                        at org.testng.internal.Invoker.invokeTestMethods(Invoker.java:989)
                        at org.testng.internal.TestMethodWorker.invokeTestMethods(TestMethodWorker.java:125)
                        at org.testng.internal.TestMethodWorker.run(TestMethodWorker.java:109)
                        at org.testng.TestRunner.privateRun(TestRunner.java:648)
                        at org.testng.TestRunner.run(TestRunner.java:505)
                        at org.testng.SuiteRunner.runTest(SuiteRunner.java:455)
                        at org.testng.SuiteRunner.runSequentially(SuiteRunner.java:450)
                        at org.testng.SuiteRunner.privateRun(SuiteRunner.java:415)
                        at org.testng.SuiteRunner.run(SuiteRunner.java:364)
                        at org.testng.SuiteRunnerWorker.runSuite(SuiteRunnerWorker.java:52)
                        at org.testng.SuiteRunnerWorker.run(SuiteRunnerWorker.java:84)
                        at org.testng.TestNG.runSuitesSequentially(TestNG.java:1208)
                        at org.testng.TestNG.runSuitesLocally(TestNG.java:1137)
                        at org.testng.TestNG.runSuites(TestNG.java:1049)
                        at org.testng.TestNG.run(TestNG.java:1017)
                        at org.testng.remote.AbstractRemoteTestNG.run(AbstractRemoteTestNG.java:114)
                        at org.testng.remote.RemoteTestNG.initAndRun(RemoteTestNG.java:251)
                        at org.testng.remote.RemoteTestNG.main(RemoteTestNG.java:77)
                        Caused by: org.openqa.selenium.NoSuchElementException: no such element: Unable to locate element: {"method":"xpath","selector":"//*[@id="home-tabs-pane-0"]/div/div[4]/div[3]/div[2]/div/div/div/form/div[6]/button"}
                        (Session info: chrome=67.0.3396.99)
                        (Driver info: chromedriver=2.35.528161 (5b82f2d2aae0ca24b877009200ced9065a772e73),platform=Windows NT 10.0.16299 x86_64) (WARNING:
                        The server did not provide any stacktrace information)
                        Command duration or timeout: 0 milliseconds
                        For documentation on this error, please visit: http://seleniumhq.org/exceptions/no_such_element.html
                        Build info: version: '3.11.0', revision: 'e59cfb3', time: '2018-03-11T20:26:55.152Z'
                        System info: host: 'NZAKLBH-LT0235', ip: '172.27.177.21', os.name: 'Windows 10', os.arch: 'amd64', os.version: '10.0', java.version:
                        '1.8.0_171'
                        Driver info: org.openqa.selenium.chrome.ChromeDriver
                        Capabilities {acceptInsecureCerts: false, acceptSslCerts: false, applicationCacheEnabled: false, browserConnectionEnabled:
                        false, browserName: chrome, chrome: {chromedriverVersion: 2.35.528161 (5b82f2d2aae0ca..., userDataDir: C:\Users\kxi17\AppData\Loca...},
                        cssSelectorsEnabled: true, databaseEnabled: false, handlesAlerts: true, hasTouchScreen: false, javascriptEnabled: true, locationContextEnabled:
                        true, mobileEmulationEnabled: false, nativeEvents: true, networkConnectionEnabled: false, pageLoadStrategy: normal, platform:
                        XP, platformName: XP, rotatable: false, setWindowRect: true, takesHeapSnapshot: true, takesScreenshot: true, unexpectedAlertBehaviour:
                        , unhandledPromptBehavior: , version: 67.0.3396.99, webStorageEnabled: true}
                        Session ID: 3e67dfe28601b560e75deea6b104a9e8
                        *** Element info: {Using=xpath, value=//*[@id="home-tabs-pane-0"]/div/div[4]/div[3]/div[2]/div/div/div/form/div[6]/button}
                        at sun.reflect.NativeConstructorAccessorImpl.newInstance0(Native Method)
                        at sun.reflect.NativeConstructorAccessorImpl.newInstance(Unknown Source)
                        at sun.reflect.DelegatingConstructorAccessorImpl.newInstance(Unknown Source)
                        at java.lang.reflect.Constructor.newInstance(Unknown Source)
                        at org.openqa.selenium.remote.ErrorHandler.createThrowable(ErrorHandler.java:214)
                        at org.openqa.selenium.remote.ErrorHandler.throwIfResponseFailed(ErrorHandler.java:166)
                        at org.openqa.selenium.remote.http.JsonHttpResponseCodec.reconstructValue(JsonHttpResponseCodec.java:40)
                        at org.openqa.selenium.remote.http.AbstractHttpResponseCodec.decode(AbstractHttpResponseCodec.java:80)
                        at org.openqa.selenium.remote.http.AbstractHttpResponseCodec.decode(AbstractHttpResponseCodec.java:44)
                        at org.openqa.selenium.remote.HttpCommandExecutor.execute(HttpCommandExecutor.java:158)
                        at org.openqa.selenium.remote.service.DriverCommandExecutor.execute(DriverCommandExecutor.java:83)
                        at org.openqa.selenium.remote.RemoteWebDriver.execute(RemoteWebDriver.java:545)
                        at org.openqa.selenium.remote.RemoteWebDriver.findElement(RemoteWebDriver.java:319)
                        at org.openqa.selenium.remote.RemoteWebDriver.findElementByXPath(RemoteWebDriver.java:421)
                        at org.openqa.selenium.By$ByXPath.findElement(By.java:361)
                        at org.openqa.selenium.remote.RemoteWebDriver.findElement(RemoteWebDriver.java:311)
                        at org.openqa.selenium.support.pagefactory.DefaultElementLocator.findElement(DefaultElementLocator.java:69)
                        at org.openqa.selenium.support.pagefactory.internal.LocatingElementHandler.invoke(LocatingElementHandler.java:38)
                        at com.sun.proxy.$Proxy10.isDisplayed(Unknown Source)
                        at org.openqa.selenium.support.ui.ExpectedConditions.elementIfVisible(ExpectedConditions.java:315)
                        at org.openqa.selenium.support.ui.ExpectedConditions.access$100(ExpectedConditions.java:44)
                        at org.openqa.selenium.support.ui.ExpectedConditions$10.apply(ExpectedConditions.java:301)
                        at org.openqa.selenium.support.ui.ExpectedConditions$10.apply(ExpectedConditions.java:298)
                        at org.openqa.selenium.support.ui.FluentWait.until(FluentWait.java:248)
                        ... 28 more
                     </pre>
                  </div>
               </td>
            </tr>
            <tr id="com.kashifi.commercial.StandardBusinessReportTest_tearDown_byClass_PASS3_row"
                class="testMethodStatusPASS testMethodStatusCONF">
               <td width="100%" class="firstMethodCell">
                  <a onclick="toggleDetailsVisibility('com.kashifi.commercial.StandardBusinessReportTest_tearDown_byClass_PASS3_details')">tearDown()</a>
               </td>
               <td nowrap="true">00:46:26</td>
               <td nowrap="true" align="right">622 ms
                  
               </td>
               <td nowrap="true">
                   
                  
               </td>
            </tr>
            <tr>
               <td colspan="4" class="detailsBox">
                  <div id="com.kashifi.commercial.StandardBusinessReportTest_tearDown_byClass_PASS3_details"
                       class="testMethodDetails">
                     <div>
                        <b>Name: </b>tearDown
                     </div>
                     <div>
                        <b>Signature: </b>tearDown()[pri:0, instance:com.kashifi.commercial.StandardBusinessReportTest@185d8b6]
                     </div>
                     <div>
                        <b>Start time: </b>00:46:26
                     </div>
                     <div>
                        <b>End time: </b>00:46:27
                     </div>
                     <div>
                        <b>Duration: </b>622 ms
                        
                     </div>
                  </div>
               </td>
            </tr>
            <tr></tr>
         </table>
         <br></br>
      </div>
      <div style="margin-top: 15px; color: gray; text-align: center; font-size: 9px;">
         Generated with
         
         <a href="http://code.google.com/p/testng-xslt/" style="color: #8888aa;"
            target="_blank">
            TestNG XSLT
            
         </a>
      </div>
   </body>
</html>