<?xml version="1.0" encoding="UTF-8"?>
<testng-results skipped="0" failed="0" ignored="0" total="1" passed="1">
  <reporter-output>
  </reporter-output>
  <suite name="Default suite" duration-ms="73620" started-at="2018-06-29T02:49:43Z" finished-at="2018-06-29T02:50:56Z">
    <groups>
    </groups>
    <test name="Default test" duration-ms="73620" started-at="2018-06-29T02:49:43Z" finished-at="2018-06-29T02:50:56Z">
      <class name="com.engcpp.property.IVALReportsTest">
        <test-method status="PASS" signature="setUp()[pri:0, instance:com.engcpp.property.IVALReportsTest@4bec1f0c]" name="setUp" is-config="true" duration-ms="50762" started-at="2018-06-29T02:49:43Z" finished-at="2018-06-29T02:50:34Z">
          <reporter-output>
          </reporter-output>
        </test-method> <!-- setUp -->
        <test-method status="PASS" signature="testIVALReport()[pri:0, instance:com.engcpp.property.IVALReportsTest@4bec1f0c]" name="testIVALReport" duration-ms="22109" started-at="2018-06-29T02:50:34Z" finished-at="2018-06-29T02:50:56Z">
          <reporter-output>
          </reporter-output>
        </test-method> <!-- testIVALReport -->
        <test-method status="PASS" signature="tearDown()[pri:0, instance:com.engcpp.property.IVALReportsTest@4bec1f0c]" name="tearDown" is-config="true" duration-ms="715" started-at="2018-06-29T02:50:56Z" finished-at="2018-06-29T02:50:56Z">
          <reporter-output>
          </reporter-output>
        </test-method> <!-- tearDown -->
      </class> <!-- com.engcpp.property.IVALReportsTest -->
    </test> <!-- Default test -->
  </suite> <!-- Default suite -->
</testng-results>
