<?xml version="1.0" encoding="UTF-8"?>
<testng-results skipped="0" failed="0" ignored="0" total="5" passed="5">
  <reporter-output>
  </reporter-output>
  <suite name="IQConnect SmokeTestSet" duration-ms="287123" started-at="2018-06-29T04:26:26Z" finished-at="2018-06-29T04:31:13Z">
    <groups>
    </groups>
    <test name="Login_LogOut" duration-ms="20779" started-at="2018-06-29T04:26:26Z" finished-at="2018-06-29T04:26:47Z">
      <class name="com.engcpp.LoginTest">
        <test-method status="PASS" signature="setUp()[pri:0, instance:com.engcpp.LoginTest@369f73a2]" name="setUp" is-config="true" duration-ms="8325" started-at="2018-06-29T04:26:26Z" finished-at="2018-06-29T04:26:35Z">
          <reporter-output>
          </reporter-output>
        </test-method> <!-- setUp -->
        <test-method status="PASS" signature="testLogin()[pri:0, instance:com.engcpp.LoginTest@369f73a2]" name="testLogin" duration-ms="11801" started-at="2018-06-29T04:26:35Z" finished-at="2018-06-29T04:26:46Z">
          <reporter-output>
          </reporter-output>
        </test-method> <!-- testLogin -->
        <test-method status="PASS" signature="tearDown()[pri:0, instance:com.engcpp.LoginTest@369f73a2]" name="tearDown" is-config="true" duration-ms="631" started-at="2018-06-29T04:26:46Z" finished-at="2018-06-29T04:26:47Z">
          <reporter-output>
          </reporter-output>
        </test-method> <!-- tearDown -->
      </class> <!-- com.engcpp.LoginTest -->
    </test> <!-- Login_LogOut -->
    <test name="iVAL_Property" duration-ms="50424" started-at="2018-06-29T04:26:47Z" finished-at="2018-06-29T04:27:37Z">
      <class name="com.engcpp.property.IVALReportsTest">
        <test-method status="PASS" signature="setUp()[pri:0, instance:com.engcpp.property.IVALReportsTest@4973813a]" name="setUp" is-config="true" duration-ms="17249" started-at="2018-06-29T04:26:47Z" finished-at="2018-06-29T04:27:04Z">
          <reporter-output>
          </reporter-output>
        </test-method> <!-- setUp -->
        <test-method status="PASS" signature="testIVALReport()[pri:0, instance:com.engcpp.property.IVALReportsTest@4973813a]" name="testIVALReport" duration-ms="32518" started-at="2018-06-29T04:27:04Z" finished-at="2018-06-29T04:27:37Z">
          <reporter-output>
          </reporter-output>
        </test-method> <!-- testIVALReport -->
        <test-method status="PASS" signature="tearDown()[pri:0, instance:com.engcpp.property.IVALReportsTest@4973813a]" name="tearDown" is-config="true" duration-ms="653" started-at="2018-06-29T04:27:37Z" finished-at="2018-06-29T04:27:37Z">
          <reporter-output>
          </reporter-output>
        </test-method> <!-- tearDown -->
      </class> <!-- com.engcpp.property.IVALReportsTest -->
    </test> <!-- iVAL_Property -->
    <test name="Consumer_Reports" duration-ms="63445" started-at="2018-06-29T04:27:38Z" finished-at="2018-06-29T04:28:41Z">
      <class name="com.engcpp.individual.ScoreplusReportTest">
        <test-method status="PASS" signature="setUp()[pri:0, instance:com.engcpp.individual.ScoreplusReportTest@1efed156]" name="setUp" is-config="true" duration-ms="17034" started-at="2018-06-29T04:27:38Z" finished-at="2018-06-29T04:27:55Z">
          <reporter-output>
          </reporter-output>
        </test-method> <!-- setUp -->
        <test-method status="PASS" signature="testIScorePlusReport()[pri:0, instance:com.engcpp.individual.ScoreplusReportTest@1efed156]" name="testIScorePlusReport" duration-ms="45662" started-at="2018-06-29T04:27:55Z" finished-at="2018-06-29T04:28:40Z">
          <reporter-output>
          </reporter-output>
        </test-method> <!-- testIScorePlusReport -->
        <test-method status="PASS" signature="tearDown()[pri:0, instance:com.engcpp.individual.ScoreplusReportTest@1efed156]" name="tearDown" is-config="true" duration-ms="742" started-at="2018-06-29T04:28:40Z" finished-at="2018-06-29T04:28:41Z">
          <reporter-output>
          </reporter-output>
        </test-method> <!-- tearDown -->
      </class> <!-- com.engcpp.individual.ScoreplusReportTest -->
    </test> <!-- Consumer_Reports -->
    <test name="StandardCommercialReport" duration-ms="63997" started-at="2018-06-29T04:28:41Z" finished-at="2018-06-29T04:29:45Z">
      <class name="com.kashifi.commercial.StandardBusinessReportTest">
        <test-method status="PASS" signature="setUp()[pri:0, instance:com.kashifi.commercial.StandardBusinessReportTest@7c29daf3]" name="setUp" is-config="true" duration-ms="18093" started-at="2018-06-29T04:28:41Z" finished-at="2018-06-29T04:28:59Z">
          <reporter-output>
          </reporter-output>
        </test-method> <!-- setUp -->
        <test-method status="PASS" signature="testBizReport()[pri:0, instance:com.kashifi.commercial.StandardBusinessReportTest@7c29daf3]" name="testBizReport" duration-ms="45140" started-at="2018-06-29T04:28:59Z" finished-at="2018-06-29T04:29:44Z">
          <reporter-output>
          </reporter-output>
        </test-method> <!-- testBizReport -->
        <test-method status="PASS" signature="tearDown()[pri:0, instance:com.kashifi.commercial.StandardBusinessReportTest@7c29daf3]" name="tearDown" is-config="true" duration-ms="761" started-at="2018-06-29T04:29:44Z" finished-at="2018-06-29T04:29:45Z">
          <reporter-output>
          </reporter-output>
        </test-method> <!-- tearDown -->
      </class> <!-- com.kashifi.commercial.StandardBusinessReportTest -->
    </test> <!-- StandardCommercialReport -->
    <test name="AdvancedCommercialReports" duration-ms="88404" started-at="2018-06-29T04:29:45Z" finished-at="2018-06-29T04:31:13Z">
      <class name="com.kashifi.commercial.AdvancedBusinessReportTest">
        <test-method status="PASS" signature="setUp()[pri:0, instance:com.kashifi.commercial.AdvancedBusinessReportTest@2a17b7b6]" name="setUp" is-config="true" duration-ms="48398" started-at="2018-06-29T04:29:45Z" finished-at="2018-06-29T04:30:33Z">
          <reporter-output>
          </reporter-output>
        </test-method> <!-- setUp -->
        <test-method status="PASS" signature="testBizReport()[pri:0, instance:com.kashifi.commercial.AdvancedBusinessReportTest@2a17b7b6]" name="testBizReport" duration-ms="39355" started-at="2018-06-29T04:30:33Z" finished-at="2018-06-29T04:31:13Z">
          <reporter-output>
          </reporter-output>
        </test-method> <!-- testBizReport -->
        <test-method status="PASS" signature="tearDown()[pri:0, instance:com.kashifi.commercial.AdvancedBusinessReportTest@2a17b7b6]" name="tearDown" is-config="true" duration-ms="646" started-at="2018-06-29T04:31:13Z" finished-at="2018-06-29T04:31:13Z">
          <reporter-output>
          </reporter-output>
        </test-method> <!-- tearDown -->
      </class> <!-- com.kashifi.commercial.AdvancedBusinessReportTest -->
    </test> <!-- AdvancedCommercialReports -->
  </suite> <!-- IQConnect SmokeTestSet -->
</testng-results>
