<?xml version="1.0" encoding="UTF-8"?>
<!-- Generated by org.testng.reporters.JUnitXMLReporter -->
<testsuite hostname="NZAKLBH-LT0235" ignored="0" name="Login_LogOut" tests="1" failures="1" timestamp="12 Jul 2018 02:28:24 GMT" time="25.06" errors="0">
  <testcase name="Login_Logout" time="15.425" classname="com.engcpp.LoginTest">
    <failure type="java.lang.AssertionError">
      <![CDATA[java.lang.AssertionError: 
at com.engcpp.LoginTest.Login_Logout(LoginTest.java:39)
... Removed 28 stack frames]]>
    </failure>
  </testcase> <!-- Login_Logout -->
</testsuite> <!-- Login_LogOut -->
